

GNU Macro Assembler for 8 bit devices.       
                                                                                               Thu Mar 05 14:14:35 2026

GNU C Code Generator                                                 
     1                           	processor	FT61F0AX
     2                           	opt	pw 120
     3                           	opt	pm
     4                           	psect	text0,local,class=CODE,merge=1,delta=2
     5                           	psect	cinit,global,class=CODE,merge=1,delta=2
     6                           	psect	bssCOMMON,global,class=COMMON,space=1,delta=1
     7                           	psect	bssBANK0,global,class=BANK0,space=1,delta=1
     8                           	psect	cstackCOMMON,global,class=COMMON,space=1,delta=1
     9                           	psect	swtext1,local,class=CONST,delta=2
    10                           	psect	intentry,global,class=CODE,delta=2
    11                           	psect	text5,local,class=CODE,merge=1,delta=2
    12                           	psect	pa_nodes0,global,class=CODE,delta=2
    13                           	dabs	1,0x7E,2
    14  0000                     
    15                           ; Version 1.45
    16                           ; Generated 16/11/2017 
    17                           ; 
    18                           ; SFR Addresses
    19  0000                     
    20                           	psect	text0
    21  0000                     __ptext0:	
    22  000B                     _INTCON	set	11
    23  0068                     _PB0	set	104
    24  0060                     _PA0	set	96
    25  009A                     _PCKEN	set	154
    26  0095                     _CKOCON	set	149
    27  008D                     _TRISB	set	141
    28  008C                     _TRISA	set	140
    29  0197                     _ANSELA	set	407
    30  018C                     _WPUA	set	396
    31  0215                     _TIM1IER	set	533
    32  0211                     _TIM1CR1	set	529
    33  10B0                     _T1UIF	set	4272
    34  10A8                     _T1UIE	set	4264
    35  0291                     _TIM1ARRL	set	657
    36  0290                     _TIM1ARRH	set	656
    37  031F                     _TCKSRC	set	799
    38                           
    39                           	psect	cinit
    40  0021                     start_initialization:	
    41                           ; #config settings
    42                           
    43  0021                     __initialization:	
    44                           
    45                           ; Clear objects allocated to COMMON
    46  0021  01F0               	clrf	__pbssCOMMON& (0+127)
    47  0022  01F1               	clrf	(__pbssCOMMON+1)& (0+127)
    48  0023  01F2               	clrf	(__pbssCOMMON+2)& (0+127)
    49  0024  01F3               	clrf	(__pbssCOMMON+3)& (0+127)
    50  0025  01F4               	clrf	(__pbssCOMMON+4)& (0+127)
    51  0026  01F5               	clrf	(__pbssCOMMON+5)& (0+127)
    52  0027  01F6               	clrf	(__pbssCOMMON+6)& (0+127)
    53  0028  01F7               	clrf	(__pbssCOMMON+7)& (0+127)
    54  0029  01F8               	clrf	(__pbssCOMMON+8)& (0+127)
    55  002A  01F9               	clrf	(__pbssCOMMON+9)& (0+127)
    56  002B  01FA               	clrf	(__pbssCOMMON+10)& (0+127)
    57                           
    58                           ; Clear objects allocated to BANK0
    59  002C  0020               	movlb	0	; select bank0
    60  002D  01A0               	clrf	__pbssBANK0& (0+127)
    61  002E  01A1               	clrf	(__pbssBANK0+1)& (0+127)
    62  002F  01A2               	clrf	(__pbssBANK0+2)& (0+127)
    63  0030  01A3               	clrf	(__pbssBANK0+3)& (0+127)
    64  0031  01A4               	clrf	(__pbssBANK0+4)& (0+127)
    65  0032  01A5               	clrf	(__pbssBANK0+5)& (0+127)
    66  0033  01A6               	clrf	(__pbssBANK0+6)& (0+127)
    67  0034                     end_of_initialization:	
    68                           ;End of C runtime variable initialization code
    69                           
    70  0034                     __end_of__initialization:	
    71  0034  107E               	bcf	126,0	;clear compiler interrupt flag (level 1)
    72  0035  0020               	movlb	0
    73  0036  2837               	ljmp	_main	;jump to C main() function
    74  0037                     __pmaintext:	
    75                           ; 1 bytes @ 0x3
    76 ;;
    77 ;;Main: autosize = 0, tempsize = 0, incstack = 0, save=0
    78 ;;
    79 ;; *************** function _main *****************
    80 ;; Defined at:
    81 ;;		line 242 in file "main.c"
    82 ;; Parameters:    Size  Location     Type
    83 ;;		None
    84 ;; Auto vars:     Size  Location     Type
    85 ;;		None
    86 ;; Return value:  Size  Location     Type
    87 ;;                  1    wreg      void 
    88 ;; Registers used:
    89 ;;		wreg, fsr0l, fsr0h, fsr1l, fsr1h, status,2, status,0, pclath, cstack
    90 ;; Tracked objects:
    91 ;;		On entry : B1F/0
    92 ;;		On exit  : 1F/0
    93 ;;		Unchanged: 0/0
    94 ;; Data sizes:     COMMON   BANK0   BANK1   BANK2   BANK3   BANK4   BANK5   BANK6   BANK7   BANK8   BANK9  BANK10  BANK1
      +1  BANK12
    95 ;;      Params:         0       0       0       0       0       0       0       0       0       0       0       0       
      +0       0
    96 ;;      Locals:         0       0       0       0       0       0       0       0       0       0       0       0       
      +0       0
    97 ;;      Temps:          0       0       0       0       0       0       0       0       0       0       0       0       
      +0       0
    98 ;;      Totals:         0       0       0       0       0       0       0       0       0       0       0       0       
      +0       0
    99 ;;Total ram usage:        0 bytes
   100 ;; Hardware stack levels required when called:    3
   101 ;; This function calls:
   102 ;;		_EXTI_Init
   103 ;;		_IR_Edge_Process
   104 ;;		_TIM1_Init
   105 ;; This function is called by:
   106 ;;		Startup code after reset
   107 ;; This function uses a non-reentrant model
   108 ;;
   109                           
   110                           
   111                           ;psect for function _main
   112  0037                     _main:	
   113                           
   114                           ;main.c: 245: TRISB = 0x00;
   115                           
   116                           ;incstack = 0
   117                           ; Regs used in _main: [wreg-fsr1h+status,2+status,0+pclath+cstack]
   118  0037  0021               	movlb	1	; select bank1
   119  0038  018D               	clrf	13	;volatile
   120                           
   121                           ;main.c: 246: TIM1_Init();
   122  0039  2125  3180         	fcall	_TIM1_Init
   123                           
   124                           ;main.c: 247: EXTI_Init();
   125  003B  204E  3180         	fcall	_EXTI_Init
   126                           
   127                           ;main.c: 249: INTCON |= 0xC0;
   128  003D  30C0               	movlw	192
   129  003E  048B               	iorwf	11,f	;volatile
   130                           
   131                           ;main.c: 250: ir_state = 0;
   132  003F  01FA               	clrf	_ir_state	;volatile
   133                           
   134                           ;main.c: 251: ir_t100us_count = 0;
   135  0040  01F4               	clrf	_ir_t100us_count	;volatile
   136  0041  01F5               	clrf	_ir_t100us_count+1	;volatile
   137                           
   138                           ;main.c: 252: ir_bit_cnt = 0;
   139  0042  01F9               	clrf	_ir_bit_cnt	;volatile
   140                           
   141                           ;main.c: 253: ir_key_ready = 0;
   142  0043  0020               	movlb	0	; select bank0
   143  0044  01A3               	clrf	_ir_key_ready	;volatile
   144                           
   145                           ;main.c: 254: ir_key_value = 0;
   146  0045  01A2               	clrf	_ir_key_value	;volatile
   147  0046                     l2752:	
   148                           
   149                           ;main.c: 257: {
   150                           ;main.c: 259: if (flag_1 == 1)
   151  0046  0B26               	decfsz	_flag_1,w
   152  0047  284B               	goto	l2758
   153  0048  3001               	movlw	1
   154                           
   155                           ;main.c: 260: {
   156                           ;main.c: 261: flag_1 = 0;
   157  0049  01A6               	clrf	_flag_1
   158                           
   159                           ;main.c: 262: PB0 = ~PB0;
   160  004A  068D               	xorwf	13,f
   161  004B                     l2758:	
   162                           
   163                           ;main.c: 263: }
   164                           ;main.c: 264: IR_Edge_Process();
   165  004B  2054  3180         	fcall	_IR_Edge_Process
   166  004D  2846               	goto	l2752
   167  004E                     __end_of_main:	
   168  004E                     __ptext3:	
   169 ;; *************** function _EXTI_Init *****************
   170 ;; Defined at:
   171 ;;		line 236 in file "main.c"
   172 ;; Parameters:    Size  Location     Type
   173 ;;		None
   174 ;; Auto vars:     Size  Location     Type
   175 ;;		None
   176 ;; Return value:  Size  Location     Type
   177 ;;                  1    wreg      void 
   178 ;; Registers used:
   179 ;;		None
   180 ;; Tracked objects:
   181 ;;		On entry : B1F/5
   182 ;;		On exit  : B1F/3
   183 ;;		Unchanged: B00/0
   184 ;; Data sizes:     COMMON   BANK0   BANK1   BANK2   BANK3   BANK4   BANK5   BANK6   BANK7   BANK8   BANK9  BANK10  BANK1
      +1  BANK12
   185 ;;      Params:         0       0       0       0       0       0       0       0       0       0       0       0       
      +0       0
   186 ;;      Locals:         0       0       0       0       0       0       0       0       0       0       0       0       
      +0       0
   187 ;;      Temps:          0       0       0       0       0       0       0       0       0       0       0       0       
      +0       0
   188 ;;      Totals:         0       0       0       0       0       0       0       0       0       0       0       0       
      +0       0
   189 ;;Total ram usage:        0 bytes
   190 ;; Hardware stack levels used:    1
   191 ;; Hardware stack levels required when called:    2
   192 ;; This function calls:
   193 ;;		Nothing
   194 ;; This function is called by:
   195 ;;		_main
   196 ;; This function uses a non-reentrant model
   197 ;;
   198                           
   199                           
   200                           ;psect for function _EXTI_Init
   201  004E                     _EXTI_Init:	
   202                           
   203                           ;main.c: 238: TRISA |= 0x01;
   204                           
   205                           ;incstack = 0
   206                           ; Regs used in _EXTI_Init: []
   207  004E  0021               	movlb	1	; select bank1
   208  004F  140C               	bsf	12,0	;volatile
   209                           
   210                           ;main.c: 239: ANSELA &= ~0x01;
   211  0050  0023               	movlb	3	; select bank3
   212  0051  1017               	bcf	23,0	;volatile
   213                           
   214                           ;main.c: 240: WPUA |= 0x01;
   215  0052  140C               	bsf	12,0	;volatile
   216  0053  0008               	return
   217  0054                     __end_of_EXTI_Init:	
   218  0054                     __ptext2:	
   219 ;; *************** function _IR_Edge_Process *****************
   220 ;; Defined at:
   221 ;;		line 68 in file "main.c"
   222 ;; Parameters:    Size  Location     Type
   223 ;;		None
   224 ;; Auto vars:     Size  Location     Type
   225 ;;  bit_pos         1    2[COMMON] unsigned char 
   226 ;;  byte_idx        1    1[COMMON] unsigned char 
   227 ;; Return value:  Size  Location     Type
   228 ;;                  1    wreg      void 
   229 ;; Registers used:
   230 ;;		wreg, fsr0l, fsr0h, fsr1l, fsr1h, status,2, status,0
   231 ;; Tracked objects:
   232 ;;		On entry : 1F/0
   233 ;;		On exit  : 1F/0
   234 ;;		Unchanged: 0/0
   235 ;; Data sizes:     COMMON   BANK0   BANK1   BANK2   BANK3   BANK4   BANK5   BANK6   BANK7   BANK8   BANK9  BANK10  BANK1
      +1  BANK12
   236 ;;      Params:         0       0       0       0       0       0       0       0       0       0       0       0       
      +0       0
   237 ;;      Locals:         2       0       0       0       0       0       0       0       0       0       0       0       
      +0       0
   238 ;;      Temps:          1       0       0       0       0       0       0       0       0       0       0       0       
      +0       0
   239 ;;      Totals:         3       0       0       0       0       0       0       0       0       0       0       0       
      +0       0
   240 ;;Total ram usage:        3 bytes
   241 ;; Hardware stack levels used:    1
   242 ;; Hardware stack levels required when called:    2
   243 ;; This function calls:
   244 ;;		Nothing
   245 ;; This function is called by:
   246 ;;		_main
   247 ;; This function uses a non-reentrant model
   248 ;;
   249                           
   250                           
   251                           ;psect for function _IR_Edge_Process
   252  0054                     _IR_Edge_Process:	
   253                           
   254                           ;main.c: 70: switch (ir_state)
   255                           
   256                           ;incstack = 0
   257                           ; Regs used in _IR_Edge_Process: [wreg-fsr1h+status,2+status,0]
   258  0054  291A               	goto	l2716
   259  0055                     l1959:	
   260                           ;main.c: 71: {
   261                           ;main.c: 72: case 0:
   262                           
   263                           
   264                           ;main.c: 73: if (PA0 == 0)
   265  0055  180C               	btfsc	12,0	;volatile
   266  0056  0008               	return
   267                           
   268                           ;main.c: 74: {
   269                           ;main.c: 75: ir_t100us_count = 0;
   270  0057  01F4               	clrf	_ir_t100us_count	;volatile
   271  0058  01F5               	clrf	_ir_t100us_count+1	;volatile
   272                           
   273                           ;main.c: 76: ir_state = 1;
   274  0059  3001               	movlw	1
   275  005A  00FA               	movwf	_ir_state	;volatile
   276  005B  0008               	return
   277  005C                     l2600:	
   278                           
   279                           ;main.c: 81: if (ir_t100us_count > 80 && ir_t100us_count < 95)
   280  005C  3000               	movlw	0
   281  005D  0275               	subwf	_ir_t100us_count+1,w	;volatile
   282  005E  3051               	movlw	81
   283  005F  1903               	skipnz
   284  0060  0274               	subwf	_ir_t100us_count,w	;volatile
   285  0061  3000               	movlw	0
   286  0062  1C03               	skipc
   287  0063  2872               	goto	L2
   288  0064  0275               	subwf	_ir_t100us_count+1,w	;volatile
   289  0065  305F               	movlw	95
   290  0066  1903               	skipnz
   291  0067  0274               	subwf	_ir_t100us_count,w	;volatile
   292  0068  1803               	skipnc
   293  0069  2871               	goto	l2610
   294                           
   295                           ;main.c: 82: {
   296                           ;main.c: 83: if (PA0 == 1)
   297  006A  1C0C               	btfss	12,0	;volatile
   298  006B  0008               	return
   299                           
   300                           ;main.c: 84: {
   301                           ;main.c: 85: ir_t100us_count = 0;
   302  006C  01F4               	clrf	_ir_t100us_count	;volatile
   303  006D  01F5               	clrf	_ir_t100us_count+1	;volatile
   304                           
   305                           ;main.c: 86: ir_state = 2;
   306  006E  3002               	movlw	2
   307  006F  00FA               	movwf	_ir_state	;volatile
   308  0070  0008               	return
   309  0071                     l2610:	
   310                           
   311                           ;main.c: 89: else if (ir_t100us_count > 100)
   312  0071  3000               	movlw	0
   313  0072                     L2:	
   314  0072  0275               	subwf	_ir_t100us_count+1,w	;volatile
   315  0073  3065               	movlw	101
   316  0074                     L1:	
   317  0074  1903               	skipnz
   318  0075  0274               	subwf	_ir_t100us_count,w	;volatile
   319  0076  1C03               	skipc
   320  0077  0008               	return
   321                           
   322                           ;main.c: 90: {
   323                           ;main.c: 91: ir_state = 0;
   324                           
   325                           ;main.c: 92: ir_t100us_count = 0;
   326  0078  2946               	ljmp	PL6	;call to abstracted procedure
   327  0079                     l2614:	
   328                           
   329                           ;main.c: 98: if (ir_t100us_count > 40 && ir_t100us_count < 50)
   330  0079  3000               	movlw	0
   331  007A  0275               	subwf	_ir_t100us_count+1,w	;volatile
   332  007B  3029               	movlw	41
   333  007C  1903               	skipnz
   334  007D  0274               	subwf	_ir_t100us_count,w	;volatile
   335  007E  3000               	movlw	0
   336  007F  1C03               	skipc
   337  0080  288E               	goto	L3
   338  0081  0275               	subwf	_ir_t100us_count+1,w	;volatile
   339  0082  3032               	movlw	50
   340  0083  1903               	skipnz
   341  0084  0274               	subwf	_ir_t100us_count,w	;volatile
   342  0085  1803               	skipnc
   343  0086  288D               	goto	l2624
   344                           
   345                           ;main.c: 99: {
   346                           ;main.c: 100: if (PA0 == 0)
   347  0087  180C               	btfsc	12,0	;volatile
   348  0088  0008               	return
   349                           
   350                           ;main.c: 101: {
   351                           ;main.c: 102: ir_t100us_count = 0;
   352                           
   353                           ;main.c: 103: ir_bit_cnt = 0;
   354                           
   355                           ;main.c: 105: ir_data_byte[0] = 0;
   356                           
   357                           ;main.c: 106: ir_data_byte[1] = 0;
   358                           
   359                           ;main.c: 107: ir_data_byte[2] = 0;
   360                           
   361                           ;main.c: 108: ir_data_byte[3] = 0;
   362  0089  2138               	fcall	PL2	;call to abstracted procedure
   363                           
   364                           ;main.c: 109: ir_state = 3;
   365  008A  3003               	movlw	3
   366  008B  00FA               	movwf	_ir_state	;volatile
   367  008C  0008               	return
   368  008D                     l2624:	
   369                           
   370                           ;main.c: 113: else if (ir_t100us_count > 18 && ir_t100us_count < 26)
   371  008D  3000               	movlw	0
   372  008E                     L3:	
   373  008E  0275               	subwf	_ir_t100us_count+1,w	;volatile
   374  008F  3013               	movlw	19
   375  0090  1903               	skipnz
   376  0091  0274               	subwf	_ir_t100us_count,w	;volatile
   377  0092  3000               	movlw	0
   378  0093  1C03               	skipc
   379  0094  28A1               	goto	L4
   380  0095  0275               	subwf	_ir_t100us_count+1,w	;volatile
   381  0096  301A               	movlw	26
   382  0097  1903               	skipnz
   383  0098  0274               	subwf	_ir_t100us_count,w	;volatile
   384  0099  1803               	skipnc
   385  009A  28A0               	goto	l2636
   386                           
   387                           ;main.c: 114: {
   388                           ;main.c: 115: if (PA0 == 0)
   389  009B  180C               	btfsc	12,0	;volatile
   390  009C  0008               	return
   391                           
   392                           ;main.c: 116: {
   393                           ;main.c: 117: ir_key_ready = 1;
   394  009D  3001               	movlw	1
   395  009E  00A3               	movwf	_ir_key_ready	;volatile
   396                           
   397                           ;main.c: 118: ir_state = 0;
   398                           
   399                           ;main.c: 119: ir_t100us_count = 0;
   400  009F  2946               	ljmp	PL6	;call to abstracted procedure
   401  00A0                     l2636:	
   402                           
   403                           ;main.c: 122: else if (ir_t100us_count > 60)
   404  00A0  3000               	movlw	0
   405  00A1                     L4:	
   406  00A1  0275               	subwf	_ir_t100us_count+1,w	;volatile
   407  00A2  303D               	movlw	61
   408  00A3  2874               	goto	L1
   409  00A4                     l2640:	
   410                           
   411                           ;main.c: 130: if (ir_t100us_count > 3 && ir_t100us_count < 7)
   412  00A4  2140  3180         	fcall	PL4	;call to abstracted procedure
   413  00A6  1C03               	skipc
   414  00A7  28B6               	goto	L5
   415  00A8  0275               	subwf	_ir_t100us_count+1,w	;volatile
   416  00A9  3007               	movlw	7
   417  00AA  1903               	skipnz
   418  00AB  0274               	subwf	_ir_t100us_count,w	;volatile
   419  00AC  1803               	skipnc
   420  00AD  28B5               	goto	l2650
   421                           
   422                           ;main.c: 131: {
   423                           ;main.c: 132: if (PA0 == 1)
   424  00AE  1C0C               	btfss	12,0	;volatile
   425  00AF  0008               	return
   426                           
   427                           ;main.c: 133: {
   428                           ;main.c: 134: ir_t100us_count = 0;
   429  00B0  01F4               	clrf	_ir_t100us_count	;volatile
   430  00B1  01F5               	clrf	_ir_t100us_count+1	;volatile
   431                           
   432                           ;main.c: 135: ir_state = 4;
   433  00B2  3004               	movlw	4
   434  00B3  00FA               	movwf	_ir_state	;volatile
   435  00B4  0008               	return
   436  00B5                     l2650:	
   437                           
   438                           ;main.c: 138: else if (ir_t100us_count > 10)
   439  00B5  3000               	movlw	0
   440  00B6                     L5:	
   441  00B6  0275               	subwf	_ir_t100us_count+1,w	;volatile
   442  00B7  300B               	movlw	11
   443  00B8  2874               	goto	L1
   444  00B9                     l2654:	
   445                           
   446                           ;main.c: 147: if (ir_t100us_count > 3 && ir_t100us_count < 8)
   447  00B9  2140  3180         	fcall	PL4	;call to abstracted procedure
   448  00BB  1C03               	skipc
   449  00BC  28CC               	goto	L6
   450  00BD  0275               	subwf	_ir_t100us_count+1,w	;volatile
   451  00BE  3008               	movlw	8
   452  00BF  1903               	skipnz
   453  00C0  0274               	subwf	_ir_t100us_count,w	;volatile
   454  00C1  1803               	skipnc
   455  00C2  28CB               	goto	l2666
   456                           
   457                           ;main.c: 148: {
   458                           ;main.c: 149: if (PA0 == 0)
   459  00C3  180C               	btfsc	12,0	;volatile
   460  00C4  28FE               	goto	l2690
   461  00C5                     l2660:	
   462                           
   463                           ;main.c: 150: {
   464                           ;main.c: 152: ir_bit_cnt++;
   465  00C5  0AF9               	incf	_ir_bit_cnt,f	;volatile
   466                           
   467                           ;main.c: 153: ir_t100us_count = 0;
   468  00C6  01F4               	clrf	_ir_t100us_count	;volatile
   469  00C7  01F5               	clrf	_ir_t100us_count+1	;volatile
   470                           
   471                           ;main.c: 154: ir_state = 3;
   472  00C8  3003               	movlw	3
   473  00C9  00FA               	movwf	_ir_state	;volatile
   474  00CA  28FE               	goto	l2690
   475  00CB                     l2666:	
   476                           
   477                           ;main.c: 158: else if (ir_t100us_count > 14 && ir_t100us_count < 20)
   478  00CB  3000               	movlw	0
   479  00CC                     L6:	
   480  00CC  0275               	subwf	_ir_t100us_count+1,w	;volatile
   481  00CD  300F               	movlw	15
   482  00CE  1903               	skipnz
   483  00CF  0274               	subwf	_ir_t100us_count,w	;volatile
   484  00D0  3000               	movlw	0
   485  00D1  1C03               	skipc
   486  00D2  28F5               	goto	L7
   487  00D3  0275               	subwf	_ir_t100us_count+1,w	;volatile
   488  00D4  3014               	movlw	20
   489  00D5  1903               	skipnz
   490  00D6  0274               	subwf	_ir_t100us_count,w	;volatile
   491  00D7  1803               	skipnc
   492  00D8  28F4               	goto	l2686
   493                           
   494                           ;main.c: 159: {
   495                           ;main.c: 160: if (PA0 == 0)
   496  00D9  180C               	btfsc	12,0	;volatile
   497  00DA  28FE               	goto	l2690
   498                           
   499                           ;main.c: 161: {
   500                           ;main.c: 163: unsigned char byte_idx = ir_bit_cnt / 8;
   501  00DB  0879               	movf	_ir_bit_cnt,w	;volatile
   502  00DC  00FB               	movwf	??_IR_Edge_Process
   503  00DD  36FB               	lsrf	??_IR_Edge_Process,f
   504  00DE  36FB               	lsrf	??_IR_Edge_Process,f
   505  00DF  36FB               	lsrf	??_IR_Edge_Process,f
   506  00E0  087B               	movf	??_IR_Edge_Process,w
   507  00E1  00FC               	movwf	IR_Edge_Process@byte_idx
   508                           
   509                           ;main.c: 164: unsigned char bit_pos = ir_bit_cnt % 8;
   510  00E2  0879               	movf	_ir_bit_cnt,w	;volatile
   511  00E3  00FD               	movwf	IR_Edge_Process@bit_pos
   512  00E4  3007               	movlw	7
   513  00E5  05FD               	andwf	IR_Edge_Process@bit_pos,f
   514                           
   515                           ;main.c: 165: ir_data_byte[byte_idx] |= (1 << bit_pos);
   516  00E6  087C               	movf	IR_Edge_Process@byte_idx,w
   517  00E7  3E70               	addlw	(low (_ir_data_byte| 0))& (0+255)
   518  00E8  0086               	movwf	6
   519  00E9  3001               	movlw	1
   520  00EA  0187               	clrf	7
   521  00EB  00FB               	movwf	??_IR_Edge_Process
   522  00EC  0A7D               	incf	IR_Edge_Process@bit_pos,w
   523  00ED  28EF               	goto	u544
   524  00EE                     u545:	
   525  00EE  35FB               	lslf	??_IR_Edge_Process,f
   526  00EF                     u544:	
   527  00EF  0B89               	decfsz	9,f
   528  00F0  28EE               	goto	u545
   529  00F1  087B               	movf	??_IR_Edge_Process,w
   530  00F2  0481               	iorwf	1,f
   531  00F3  28C5               	goto	l2660
   532  00F4                     l2686:	
   533                           
   534                           ;main.c: 172: else if (ir_t100us_count > 25)
   535  00F4  3000               	movlw	0
   536  00F5                     L7:	
   537  00F5  0275               	subwf	_ir_t100us_count+1,w	;volatile
   538  00F6  301A               	movlw	26
   539  00F7  1903               	skipnz
   540  00F8  0274               	subwf	_ir_t100us_count,w	;volatile
   541  00F9  1C03               	skipc
   542  00FA  28FE               	goto	l2690
   543                           
   544                           ;main.c: 173: {
   545                           ;main.c: 174: ir_state = 0;
   546  00FB  01FA               	clrf	_ir_state	;volatile
   547                           
   548                           ;main.c: 175: ir_t100us_count = 0;
   549  00FC  01F4               	clrf	_ir_t100us_count	;volatile
   550  00FD  01F5               	clrf	_ir_t100us_count+1	;volatile
   551  00FE                     l2690:	
   552                           
   553                           ;main.c: 176: }
   554                           ;main.c: 179: if (ir_bit_cnt >= 32)
   555  00FE  3020               	movlw	32
   556  00FF  0279               	subwf	_ir_bit_cnt,w	;volatile
   557  0100  1C03               	skipc
   558  0101  0008               	return
   559                           
   560                           ;main.c: 180: {
   561                           ;main.c: 182: addr = ir_data_byte[0];
   562  0102  0870               	movf	_ir_data_byte,w	;volatile
   563  0103  00F8               	movwf	_addr	;volatile
   564                           
   565                           ;main.c: 183: addr_inv = ir_data_byte[1];
   566  0104  0871               	movf	_ir_data_byte+1,w	;volatile
   567  0105  00A0               	movwf	_addr_inv	;volatile
   568                           
   569                           ;main.c: 184: cmd = ir_data_byte[2];
   570  0106  0872               	movf	_ir_data_byte+2,w	;volatile
   571  0107  00F7               	movwf	_cmd	;volatile
   572                           
   573                           ;main.c: 185: cmd_inv = ir_data_byte[3];
   574  0108  0873               	movf	_ir_data_byte+3,w	;volatile
   575  0109  00F6               	movwf	_cmd_inv	;volatile
   576                           
   577                           ;main.c: 188: if (cmd == (unsigned char)(~cmd_inv))
   578  010A  0976               	comf	_cmd_inv,w	;volatile
   579  010B  0677               	xorwf	_cmd,w	;volatile
   580  010C  1D03               	skipz
   581  010D  2914               	goto	l2698
   582                           
   583                           ;main.c: 189: {
   584                           ;main.c: 190: ir_addr = addr;
   585  010E  0878               	movf	_addr,w	;volatile
   586  010F  00A1               	movwf	_ir_addr	;volatile
   587                           
   588                           ;main.c: 191: ir_key_value = cmd;
   589  0110  0877               	movf	_cmd,w	;volatile
   590  0111  00A2               	movwf	_ir_key_value	;volatile
   591                           
   592                           ;main.c: 192: ir_key_ready = 1;
   593  0112  3001               	movlw	1
   594  0113  00A3               	movwf	_ir_key_ready	;volatile
   595  0114                     l2698:	
   596                           
   597                           ;main.c: 193: }
   598                           ;main.c: 196: ir_state = 0;
   599  0114  01FA               	clrf	_ir_state	;volatile
   600                           
   601                           ;main.c: 197: ir_t100us_count = 0;
   602                           
   603                           ;main.c: 198: ir_bit_cnt = 0;
   604                           
   605                           ;main.c: 200: ir_data_byte[0] = 0;
   606                           
   607                           ;main.c: 201: ir_data_byte[1] = 0;
   608                           
   609                           ;main.c: 202: ir_data_byte[2] = 0;
   610                           
   611                           ;main.c: 203: ir_data_byte[3] = 0;
   612  0115  2138               	fcall	PL2	;call to abstracted procedure
   613  0116  0008               	return
   614  0117                     l2712:	
   615                           
   616                           ;main.c: 208: ir_state = 0;
   617  0117  01FA               	clrf	_ir_state	;volatile
   618                           
   619                           ;main.c: 209: ir_t100us_count = 0;
   620                           
   621                           ;main.c: 210: ir_bit_cnt = 0;
   622                           
   623                           ;main.c: 212: ir_data_byte[0] = 0;
   624                           
   625                           ;main.c: 213: ir_data_byte[1] = 0;
   626                           
   627                           ;main.c: 214: ir_data_byte[2] = 0;
   628                           
   629                           ;main.c: 215: ir_data_byte[3] = 0;
   630  0118  2138               	fcall	PL2	;call to abstracted procedure
   631                           
   632                           ;main.c: 216: break;
   633  0119  0008               	return
   634  011A                     l2716:	
   635  011A  087A               	movf	_ir_state,w	;volatile
   636                           
   637                           ; Switch size 1, requested type "space"
   638                           ; Number of cases is 5, Range of values is 0 to 4
   639                           ; switch strategies available:
   640                           ; Name         Instructions Cycles
   641                           ; direct_byte           16     6 (fixed)
   642                           ; simple_byte           16     9 (average)
   643                           ; jumptable            260     6 (fixed)
   644                           ;	Chosen strategy is direct_byte
   645  011B  0084               	movwf	4
   646  011C  3005               	movlw	5
   647  011D  0204               	subwf	4,w
   648  011E  1803               	skipnc
   649  011F  2917               	goto	l2712
   650  0120  3181               	movlp	high S2780
   651  0121  3504               	lslf	4,w
   652  0122  3E56               	addlw	low S2780
   653  0123  0082               	movwf	2
   654  0124  0008               	return
   655  0125                     __end_of_IR_Edge_Process:	
   656  0125                     __ptext1:	
   657 ;; *************** function _TIM1_Init *****************
   658 ;; Defined at:
   659 ;;		line 220 in file "main.c"
   660 ;; Parameters:    Size  Location     Type
   661 ;;		None
   662 ;; Auto vars:     Size  Location     Type
   663 ;;		None
   664 ;; Return value:  Size  Location     Type
   665 ;;                  1    wreg      void 
   666 ;; Registers used:
   667 ;;		wreg
   668 ;; Tracked objects:
   669 ;;		On entry : B1F/1
   670 ;;		On exit  : B1F/5
   671 ;;		Unchanged: B00/0
   672 ;; Data sizes:     COMMON   BANK0   BANK1   BANK2   BANK3   BANK4   BANK5   BANK6   BANK7   BANK8   BANK9  BANK10  BANK1
      +1  BANK12
   673 ;;      Params:         0       0       0       0       0       0       0       0       0       0       0       0       
      +0       0
   674 ;;      Locals:         0       0       0       0       0       0       0       0       0       0       0       0       
      +0       0
   675 ;;      Temps:          0       0       0       0       0       0       0       0       0       0       0       0       
      +0       0
   676 ;;      Totals:         0       0       0       0       0       0       0       0       0       0       0       0       
      +0       0
   677 ;;Total ram usage:        0 bytes
   678 ;; Hardware stack levels used:    1
   679 ;; Hardware stack levels required when called:    2
   680 ;; This function calls:
   681 ;;		Nothing
   682 ;; This function is called by:
   683 ;;		_main
   684 ;; This function uses a non-reentrant model
   685 ;;
   686                           
   687                           
   688                           ;psect for function _TIM1_Init
   689  0125                     _TIM1_Init:	
   690                           
   691                           ;main.c: 222: PCKEN |= 0B00000010;
   692                           
   693                           ;incstack = 0
   694                           ; Regs used in _TIM1_Init: [wreg]
   695  0125  149A               	bsf	26,1	;volatile
   696                           
   697                           ;main.c: 223: CKOCON = 0B00100000;
   698  0126  3020               	movlw	32
   699  0127  0095               	movwf	21	;volatile
   700                           
   701                           ;main.c: 224: TCKSRC = 0B00000011;
   702  0128  3003               	movlw	3
   703  0129  0026               	movlb	6	; select bank6
   704  012A  009F               	movwf	31	;volatile
   705                           
   706                           ;main.c: 226: TIM1CR1 = 0B10000101;
   707  012B  3085               	movlw	133
   708  012C  0024               	movlb	4	; select bank4
   709  012D  0091               	movwf	17	;volatile
   710                           
   711                           ;main.c: 228: TIM1IER = 0B00000001;
   712  012E  3001               	movlw	1
   713  012F  0095               	movwf	21	;volatile
   714                           
   715                           ;main.c: 230: TIM1ARRH = 0x0C;
   716  0130  300C               	movlw	12
   717  0131  0025               	movlb	5	; select bank5
   718  0132  0090               	movwf	16	;volatile
   719                           
   720                           ;main.c: 231: TIM1ARRL = 0x7E;
   721  0133  307E               	movlw	126
   722  0134  0091               	movwf	17	;volatile
   723                           
   724                           ;main.c: 233: INTCON = 0B11000000;
   725  0135  30C0               	movlw	192
   726  0136  008B               	movwf	11	;volatile
   727  0137  0008               	return
   728  0138                     __end_of_TIM1_Init:	
   729  0138                     PL2:	
   730  0138  01F4               	clrf	_ir_t100us_count	;volatile
   731  0139  01F5               	clrf	_ir_t100us_count+1	;volatile
   732  013A  01F9               	clrf	_ir_bit_cnt	;volatile
   733  013B  01F0               	clrf	_ir_data_byte	;volatile
   734  013C  01F1               	clrf	_ir_data_byte+1	;volatile
   735  013D  01F2               	clrf	_ir_data_byte+2	;volatile
   736  013E  01F3               	clrf	_ir_data_byte+3	;volatile
   737  013F  0008               	return
   738  0140                     __end_ofPL2:	
   739  0140                     PL4:	
   740  0140  3000               	movlw	0
   741  0141  0275               	subwf	_ir_t100us_count+1,w	;volatile
   742  0142  3004               	movlw	4
   743  0143  1903               	skipnz
   744  0144  0274               	subwf	_ir_t100us_count,w	;volatile
   745  0145  3400               	retlw	0
   746  0146                     __end_ofPL4:	
   747  0146                     PL6:	
   748  0146  01FA               	clrf	_ir_state	;volatile
   749  0147  01F4               	clrf	_ir_t100us_count	;volatile
   750  0148  01F5               	clrf	_ir_t100us_count+1	;volatile
   751  0149  0008               	return
   752  014A                     __end_ofPL6:	
   753                           
   754                           	psect	bssCOMMON
   755  0070                     __pbssCOMMON:	
   756  0070                     _ir_data_byte:	
   757  0070                     	ds	4
   758  0074                     _ir_t100us_count:	
   759  0074                     	ds	2
   760  0076                     _cmd_inv:	
   761  0076                     	ds	1
   762  0077                     _cmd:	
   763  0077                     	ds	1
   764  0078                     _addr:	
   765  0078                     	ds	1
   766  0079                     _ir_bit_cnt:	
   767  0079                     	ds	1
   768  007A                     _ir_state:	
   769  007A                     	ds	1
   770                           
   771                           	psect	bssBANK0
   772  0020                     __pbssBANK0:	
   773  0020                     _addr_inv:	
   774  0020                     	ds	1
   775  0021                     _ir_addr:	
   776  0021                     	ds	1
   777  0022                     _ir_key_value:	
   778  0022                     	ds	1
   779  0023                     _ir_key_ready:	
   780  0023                     	ds	1
   781  0024                     _ir_key_code:	
   782  0024                     	ds	1
   783  0025                     _ir_parse_ok:	
   784  0025                     	ds	1
   785  0026                     _flag_1:	
   786  0026                     	ds	1
   787                           
   788                           	psect	cstackCOMMON
   789  007B                     __pcstackCOMMON:	
   790  007B                     ?_user_isr:	
   791  007B                     ??_user_isr:	
   792                           ; 1 bytes @ 0x0
   793                           
   794  007B                     ?_ISR:	
   795                           ; 1 bytes @ 0x0
   796                           
   797  007B                     ??_ISR:	
   798                           ; 1 bytes @ 0x0
   799                           
   800  007B                     ?_IR_Edge_Process:	
   801                           ; 1 bytes @ 0x0
   802                           
   803  007B                     ??_IR_Edge_Process:	
   804                           ; 1 bytes @ 0x0
   805                           
   806  007B                     ?_TIM1_Init:	
   807                           ; 1 bytes @ 0x0
   808                           
   809  007B                     ??_TIM1_Init:	
   810                           ; 1 bytes @ 0x0
   811                           
   812  007B                     ?_EXTI_Init:	
   813                           ; 1 bytes @ 0x0
   814                           
   815  007B                     ??_EXTI_Init:	
   816                           ; 1 bytes @ 0x0
   817                           
   818  007B                     ?_main:	
   819                           ; 1 bytes @ 0x0
   820                           
   821                           
   822                           ; 1 bytes @ 0x0
   823  007B                     	ds	1
   824  007C                     IR_Edge_Process@byte_idx:	
   825                           
   826                           ; 1 bytes @ 0x1
   827  007C                     	ds	1
   828  007D                     IR_Edge_Process@bit_pos:	
   829                           
   830                           ; 1 bytes @ 0x2
   831  007D                     	ds	1
   832  007E                     ??_main:	
   833                           
   834                           	psect	swtext1
   835  0156                     __pswtext1:	
   836  0156                     S2780:	
   837  0156  3180  2855         	ljmp	l1959
   838  0158  3180  285C         	ljmp	l2600
   839  015A  3180  2879         	ljmp	l2614
   840  015C  3180  28A4         	ljmp	l2640
   841  015E  3180  28B9         	ljmp	l2654
   842                           
   843                           	psect	intentry
   844  0004                     __pintentry:	
   845 ;; *************** function _ISR *****************
   846 ;; Defined at:
   847 ;;		line 30 in file "main.c"
   848 ;; Parameters:    Size  Location     Type
   849 ;;		None
   850 ;; Auto vars:     Size  Location     Type
   851 ;;		None
   852 ;; Return value:  Size  Location     Type
   853 ;;                  1    wreg      void 
   854 ;; Registers used:
   855 ;;		status,2, status,0, pclath, cstack
   856 ;; Tracked objects:
   857 ;;		On entry : 0/0
   858 ;;		On exit  : 1B/0
   859 ;;		Unchanged: 0/0
   860 ;; Data sizes:     COMMON   BANK0   BANK1   BANK2   BANK3   BANK4   BANK5   BANK6   BANK7   BANK8   BANK9  BANK10  BANK1
      +1  BANK12
   861 ;;      Params:         0       0       0       0       0       0       0       0       0       0       0       0       
      +0       0
   862 ;;      Locals:         0       0       0       0       0       0       0       0       0       0       0       0       
      +0       0
   863 ;;      Temps:          0       0       0       0       0       0       0       0       0       0       0       0       
      +0       0
   864 ;;      Totals:         0       0       0       0       0       0       0       0       0       0       0       0       
      +0       0
   865 ;;Total ram usage:        0 bytes
   866 ;; Hardware stack levels used:    1
   867 ;; Hardware stack levels required when called:    1
   868 ;; This function calls:
   869 ;;		_user_isr
   870 ;; This function is called by:
   871 ;;		Interrupt level 1
   872 ;; This function uses a non-reentrant model
   873 ;;
   874                           
   875  0004                     _ISR:	
   876                           
   877                           ;incstack = 0
   878  0004  147E               	bsf	126,0	;set compiler interrupt flag (level 1)
   879                           
   880                           ; Regs used in _ISR: [status,2+status,0+pclath+cstack]
   881  0005  3180               	pagesel	$
   882  0006  0000               	nop	; ;# 
   883  0007  0000               	nop	; ;# 
   884  0008  0000               	nop	; ;# 
   885  0009  0000               	nop	; ;# 
   886  000A  0000               	nop	; ;# 
   887  000B  0000               	nop	; ;# 
   888  000C  0000               	nop	; ;# 
   889  000D  0000               	nop	; ;# 
   890  000E  0000               	nop	; ;# 
   891  000F  0000               	nop	; ;# 
   892  0010  0000               	nop	; ;# 
   893  0011  0000               	nop	; ;# 
   894  0012  0000               	nop	; ;# 
   895  0013  0000               	nop	; ;# 
   896  0014  0000               	nop	; ;# 
   897  0015  0000               	nop	; ;# 
   898  0016  0000               	nop	; ;# 
   899  0017  0000               	nop	; ;# 
   900  0018  0000               	nop	; ;# 
   901  0019  0000               	nop	; ;# 
   902  001A  0000               	nop	; ;# 
   903                           
   904                           ;main.c: 55: user_isr();
   905  001B  3181  214A         	fcall	_user_isr
   906  001D  107E               	bcf	126,0	;clear compiler interrupt flag (level 1)
   907  001E  0009               	retfie
   908  001F                     __end_of_ISR:	
   909                           
   910                           	psect	text5
   911  014A                     __ptext5:	
   912 ;; *************** function _user_isr *****************
   913 ;; Defined at:
   914 ;;		line 57 in file "main.c"
   915 ;; Parameters:    Size  Location     Type
   916 ;;		None
   917 ;; Auto vars:     Size  Location     Type
   918 ;;		None
   919 ;; Return value:  Size  Location     Type
   920 ;;                  1    wreg      void 
   921 ;; Registers used:
   922 ;;		status,2, status,0
   923 ;; Tracked objects:
   924 ;;		On entry : 0/0
   925 ;;		On exit  : 1B/0
   926 ;;		Unchanged: 0/0
   927 ;; Data sizes:     COMMON   BANK0   BANK1   BANK2   BANK3   BANK4   BANK5   BANK6   BANK7   BANK8   BANK9  BANK10  BANK1
      +1  BANK12
   928 ;;      Params:         0       0       0       0       0       0       0       0       0       0       0       0       
      +0       0
   929 ;;      Locals:         0       0       0       0       0       0       0       0       0       0       0       0       
      +0       0
   930 ;;      Temps:          0       0       0       0       0       0       0       0       0       0       0       0       
      +0       0
   931 ;;      Totals:         0       0       0       0       0       0       0       0       0       0       0       0       
      +0       0
   932 ;;Total ram usage:        0 bytes
   933 ;; Hardware stack levels used:    1
   934 ;; This function calls:
   935 ;;		Nothing
   936 ;; This function is called by:
   937 ;;		_ISR
   938 ;; This function uses a non-reentrant model
   939 ;;
   940                           
   941                           
   942                           ;psect for function _user_isr
   943  014A                     _user_isr:	
   944                           
   945                           ;main.c: 60: if (T1UIE && T1UIF)
   946                           
   947                           ;incstack = 0
   948                           ; Regs used in _user_isr: [status]
   949  014A  0024               	movlb	4	; select bank4
   950  014B  1815               	btfsc	21,0	;volatile
   951  014C  1C16               	btfss	22,0	;volatile
   952  014D  0008               	return
   953                           
   954                           ;main.c: 61: {
   955                           ;main.c: 62: T1UIF = 1;
   956  014E  1416               	bsf	22,0	;volatile
   957                           
   958                           ;main.c: 63: flag_1 = 1;
   959  014F  0020               	movlb	0	; select bank0
   960  0150  01A6               	clrf	_flag_1
   961  0151  0AA6               	incf	_flag_1,f
   962                           
   963                           ;main.c: 64: ir_t100us_count++;
   964  0152  0AF4               	incf	_ir_t100us_count,f	;volatile
   965  0153  1903               	skipnz
   966  0154  0AF5               	incf	_ir_t100us_count+1,f	;volatile
   967  0155  0008               	return
   968  0156                     __end_of_user_isr:	
   969  007E                     btemp	set	126	;btemp
   970  007E                     int$flags	set	126
   971  007E                     wtemp0	set	126


Data Sizes:
    Strings     0
    Constant    0
    Data        0
    BSS         18
    Persistent  0
    Stack       0

Auto Spaces:
    Space          Size  Autos    Used
    COMMON           14      3      14
    BANK0            80      0       7
    BANK1            80      0       0
    BANK2            80      0       0
    BANK3            80      0       0
    BANK4            80      0       0
    BANK5            80      0       0
    BANK6            80      0       0
    BANK7            80      0       0
    BANK8            80      0       0
    BANK9            80      0       0
    BANK10           80      0       0
    BANK11           80      0       0
    BANK12           48      0       0

Pointer List with Targets:

    None.

Critical Paths under _main in COMMON

    _main->_IR_Edge_Process

Critical Paths under _ISR in COMMON

    None.

Critical Paths under _main in BANK0

    None.

Critical Paths under _ISR in BANK0

    None.

Critical Paths under _main in BANK1

    None.

Critical Paths under _ISR in BANK1

    None.

Critical Paths under _main in BANK2

    None.

Critical Paths under _ISR in BANK2

    None.

Critical Paths under _main in BANK3

    None.

Critical Paths under _ISR in BANK3

    None.

Critical Paths under _main in BANK4

    None.

Critical Paths under _ISR in BANK4

    None.

Critical Paths under _main in BANK5

    None.

Critical Paths under _ISR in BANK5

    None.

Critical Paths under _main in BANK6

    None.

Critical Paths under _ISR in BANK6

    None.

Critical Paths under _main in BANK7

    None.

Critical Paths under _ISR in BANK7

    None.

Critical Paths under _main in BANK8

    None.

Critical Paths under _ISR in BANK8

    None.

Critical Paths under _main in BANK9

    None.

Critical Paths under _ISR in BANK9

    None.

Critical Paths under _main in BANK10

    None.

Critical Paths under _ISR in BANK10

    None.

Critical Paths under _main in BANK11

    None.

Critical Paths under _ISR in BANK11

    None.

Critical Paths under _main in BANK12

    None.

Critical Paths under _ISR in BANK12

    None.

Call Graph Tables:

 ---------------------------------------------------------------------------------
 (Depth) Function   	        Calls       Base Space   Used Autos Params    Refs
 ---------------------------------------------------------------------------------
 (0) _main                                                 0     0      0      47
                          _EXTI_Init
                    _IR_Edge_Process
                          _TIM1_Init
 ---------------------------------------------------------------------------------
 (1) _TIM1_Init                                            0     0      0       0
 ---------------------------------------------------------------------------------
 (1) _IR_Edge_Process                                      3     3      0      47
                                              0 COMMON     3     3      0
 ---------------------------------------------------------------------------------
 (1) _EXTI_Init                                            0     0      0       0
 ---------------------------------------------------------------------------------
 Estimated maximum stack depth 1
 ---------------------------------------------------------------------------------
 (Depth) Function   	        Calls       Base Space   Used Autos Params    Refs
 ---------------------------------------------------------------------------------
 (2) _ISR                                                  0     0      0       0
                           _user_isr
 ---------------------------------------------------------------------------------
 (3) _user_isr                                             0     0      0       0
 ---------------------------------------------------------------------------------
 Estimated maximum stack depth 3
 ---------------------------------------------------------------------------------

 Call Graph Graphs:

 _main (ROOT)
   _EXTI_Init
   _IR_Edge_Process
   _TIM1_Init

 _ISR (ROOT)
   _user_isr

 Address spaces:
Name               Size   Autos  Total    Cost      Usage
BIGRAM             3F0      0       0       0        0.0%
EEDATA              80      0       0       0        0.0%
NULL                 0      0       0       0        0.0%
CODE                 0      0       0       0        0.0%
BITCOMMON            E      0       0       1        0.0%
BITSFR0              0      0       0       1        0.0%
SFR0                 0      0       0       1        0.0%
COMMON               E      3       E       2      100.0%
BITSFR1              0      0       0       2        0.0%
SFR1                 0      0       0       2        0.0%
BITSFR2              0      0       0       3        0.0%
SFR2                 0      0       0       3        0.0%
STACK                0      0       0       3        0.0%
BITBANK0            50      0       0       4        0.0%
BITSFR3              0      0       0       4        0.0%
SFR3                 0      0       0       4        0.0%
BANK0               50      0       7       5        8.8%
BITSFR4              0      0       0       5        0.0%
SFR4                 0      0       0       5        0.0%
BITBANK1            50      0       0       6        0.0%
BITSFR5              0      0       0       6        0.0%
SFR5                 0      0       0       6        0.0%
BANK1               50      0       0       7        0.0%
BITSFR6              0      0       0       7        0.0%
SFR6                 0      0       0       7        0.0%
BITBANK2            50      0       0       8        0.0%
BITSFR7              0      0       0       8        0.0%
SFR7                 0      0       0       8        0.0%
BANK2               50      0       0       9        0.0%
BITSFR8              0      0       0       9        0.0%
SFR8                 0      0       0       9        0.0%
BITBANK3            50      0       0      10        0.0%
BITSFR9              0      0       0      10        0.0%
SFR9                 0      0       0      10        0.0%
BANK3               50      0       0      11        0.0%
BITSFR10             0      0       0      11        0.0%
SFR10                0      0       0      11        0.0%
BITBANK4            50      0       0      12        0.0%
BITSFR11             0      0       0      12        0.0%
SFR11                0      0       0      12        0.0%
BANK4               50      0       0      13        0.0%
BITSFR12             0      0       0      13        0.0%
SFR12                0      0       0      13        0.0%
BITBANK5            50      0       0      14        0.0%
BITSFR13             0      0       0      14        0.0%
SFR13                0      0       0      14        0.0%
BANK5               50      0       0      15        0.0%
BITSFR14             0      0       0      15        0.0%
SFR14                0      0       0      15        0.0%
BITBANK6            50      0       0      16        0.0%
BITSFR15             0      0       0      16        0.0%
SFR15                0      0       0      16        0.0%
BANK6               50      0       0      17        0.0%
BITSFR16             0      0       0      17        0.0%
SFR16                0      0       0      17        0.0%
BITBANK7            50      0       0      18        0.0%
BITSFR17             0      0       0      18        0.0%
SFR17                0      0       0      18        0.0%
BANK7               50      0       0      19        0.0%
BITSFR18             0      0       0      19        0.0%
SFR18                0      0       0      19        0.0%
BITSFR19             0      0       0      20        0.0%
SFR19                0      0       0      20        0.0%
ABS                  0      0      15      20        0.0%
BITBANK8            50      0       0      21        0.0%
BITSFR20             0      0       0      21        0.0%
SFR20                0      0       0      21        0.0%
BANK8               50      0       0      22        0.0%
BITSFR21             0      0       0      22        0.0%
SFR21                0      0       0      22        0.0%
BITBANK9            50      0       0      23        0.0%
BITSFR22             0      0       0      23        0.0%
SFR22                0      0       0      23        0.0%
BANK9               50      0       0      24        0.0%
BITSFR23             0      0       0      24        0.0%
SFR23                0      0       0      24        0.0%
BITBANK10           50      0       0      25        0.0%
BITSFR24             0      0       0      25        0.0%
SFR24                0      0       0      25        0.0%
BANK10              50      0       0      26        0.0%
BITSFR25             0      0       0      26        0.0%
SFR25                0      0       0      26        0.0%
BITBANK11           50      0       0      27        0.0%
BITSFR26             0      0       0      27        0.0%
SFR26                0      0       0      27        0.0%
BANK11              50      0       0      28        0.0%
BITSFR27             0      0       0      28        0.0%
SFR27                0      0       0      28        0.0%
BITBANK12           30      0       0      29        0.0%
BITSFR28             0      0       0      29        0.0%
SFR28                0      0       0      29        0.0%
BANK12              30      0       0      30        0.0%
BITSFR29             0      0       0      30        0.0%
SFR29                0      0       0      30        0.0%
BITSFR30             0      0       0      31        0.0%
SFR30                0      0       0      31        0.0%
DATA                 0      0      15      31        0.0%
BITSFR31             0      0       0      32        0.0%
SFR31                0      0       0      32        0.0%


GNU Macro Assembler for 8 bit devices.     
Symbol Table                                                                                   Thu Mar 05 14:14:35 2026

                       pc 0002                        PL2 0138                        PL4 0140  
                      PL6 0146                       _PA0 0060                       _PB0 0068  
                     _ISR 0004                       u544 00EF                       u545 00EE  
                     _cmd 0077                       wreg 0009                      S2780 0156  
                    ?_ISR 007B                      l2600 005C                      l2610 0071  
                    l2614 0079                      l2712 0117                      l2640 00A4  
                    l2624 008D                      l2650 00B5                      l2660 00C5  
                    l2636 00A0                      l2716 011A                      l2654 00B9  
                    l2752 0046                      l2690 00FE                      l2666 00CB  
                    l2686 00F4                      l2758 004B                      l1959 0055  
                    l2698 0114                      _WPUA 018C                      _addr 0078  
                    _main 0037                      fsr1h 0007                      fsr0l 0004  
                    indf1 0001                      fsr1l 0006                      btemp 007E  
                    start 001F                     ??_ISR 007B        __size_of_EXTI_Init 0006  
                   ?_main 007B        __size_of_TIM1_Init 0013                     _T1UIE 10A8  
                   _T1UIF 10B0                     _PCKEN 009A                     _TRISA 008C  
                   _TRISB 008D  __size_of_IR_Edge_Process 00D1                     status 0003  
                   wtemp0 007E           __initialization 0021              __end_of_main 004E  
                  ??_main 007E                    _CKOCON 0095                    _ANSELA 0197  
       __end_of_EXTI_Init 0054                    _INTCON 000B                    _TCKSRC 031F  
       __end_of_TIM1_Init 0138                    _flag_1 0026          __end_of_user_isr 0156  
 __end_of__initialization 0034         ??_IR_Edge_Process 007B            __pcstackCOMMON 007B  
              __end_ofPL2 0140                __end_ofPL4 0146                __end_ofPL6 014A  
              __pbssBANK0 0020                __pmaintext 0037                __pintentry 0004  
                 _TIM1CR1 0211                   _TIM1IER 0215                _ir_bit_cnt 0079  
               ?_user_isr 007B                   _cmd_inv 0076                   __ptext0 0000  
                 __ptext1 0125                   __ptext2 0054                   __ptext3 004E  
                 __ptext5 014A              __size_of_ISR 001B                   _ir_addr 0021  
    end_of_initialization 0034                 _EXTI_Init 004E                 _TIM1_Init 0125  
              ??_user_isr 007B           _IR_Edge_Process 0054                ?_EXTI_Init 007B  
              ?_TIM1_Init 007B       start_initialization 0021               __end_of_ISR 001F  
            _ir_data_byte 0070           _ir_t100us_count 0074   __end_of_IR_Edge_Process 0125  
            _ir_key_ready 0023              _ir_key_value 0022               __pbssCOMMON 0070  
               ___latbits 0003               ??_EXTI_Init 007B               ??_TIM1_Init 007B  
               __pswtext1 0156         __size_of_user_isr 000C                  _TIM1ARRH 0290  
                _TIM1ARRL 0291   IR_Edge_Process@byte_idx 007C          ?_IR_Edge_Process 007B  
             _ir_key_code 0024               _ir_parse_ok 0025                  _addr_inv 0020  
           __size_of_main 0017                  _ir_state 007A    IR_Edge_Process@bit_pos 007D  
                int$flags 007E                  _user_isr 014A                  intlevel1 0000  
